2016-11-06 18:57:34,147 - Proj04.valueIteration - INFO - Running value iteration
2016-11-06 18:57:34,147 - Proj04.valueIteration - INFO - Value Iteration, loop 1
2016-11-06 18:57:34,147 - Proj04.valueIteration - INFO - State 1: Utility = -1.0 Policy = None
2016-11-06 18:57:34,147 - Proj04.valueIteration - INFO - delta = 1.0
2016-11-06 18:57:34,147 - Proj04.valueIteration - INFO - State 2: Utility = -0.05 Policy = B
2016-11-06 18:57:34,148 - Proj04.valueIteration - INFO - delta = 1.0
2016-11-06 18:57:34,148 - Proj04.valueIteration - INFO - State 3: Utility = -1.0 Policy = None
2016-11-06 18:57:34,148 - Proj04.valueIteration - INFO - delta = 1.0
2016-11-06 18:57:34,148 - Proj04.valueIteration - INFO - State 4: Utility = -0.05 Policy = B
2016-11-06 18:57:34,148 - Proj04.valueIteration - INFO - delta = 1.0
2016-11-06 18:57:34,148 - Proj04.valueIteration - INFO - State 5: Utility = -0.05 Policy = B
2016-11-06 18:57:34,149 - Proj04.valueIteration - INFO - delta = 1.0
2016-11-06 18:57:34,149 - Proj04.valueIteration - INFO - State 6: Utility = -0.05 Policy = B
2016-11-06 18:57:34,149 - Proj04.valueIteration - INFO - delta = 1.0
2016-11-06 18:57:34,149 - Proj04.valueIteration - INFO - State 7: Utility = -0.05 Policy = B
2016-11-06 18:57:34,149 - Proj04.valueIteration - INFO - delta = 1.0
2016-11-06 18:57:34,150 - Proj04.valueIteration - INFO - State 8: Utility = -0.05 Policy = B
2016-11-06 18:57:34,150 - Proj04.valueIteration - INFO - delta = 1.0
2016-11-06 18:57:34,150 - Proj04.valueIteration - INFO - State 9: Utility = 1.0 Policy = None
2016-11-06 18:57:34,150 - Proj04.valueIteration - INFO - delta = 1.0
2016-11-06 18:57:34,150 - Proj04.valueIteration - INFO - State 10: Utility = 1.0 Policy = None
2016-11-06 18:57:34,150 - Proj04.valueIteration - INFO - delta = 1.0
2016-11-06 18:57:34,151 - Proj04.valueIteration - INFO - Value Iteration, loop 2
2016-11-06 18:57:34,151 - Proj04.valueIteration - INFO - State 1: Utility = -1.0 Policy = None
2016-11-06 18:57:34,151 - Proj04.valueIteration - INFO - delta = 0
2016-11-06 18:57:34,151 - Proj04.valueIteration - INFO - State 2: Utility = 0.67 Policy = S
2016-11-06 18:57:34,151 - Proj04.valueIteration - INFO - delta = 0.7200000000000001
2016-11-06 18:57:34,151 - Proj04.valueIteration - INFO - State 3: Utility = -1.0 Policy = None
2016-11-06 18:57:34,152 - Proj04.valueIteration - INFO - delta = 0.7200000000000001
2016-11-06 18:57:34,152 - Proj04.valueIteration - INFO - State 4: Utility = -0.05450000000000001 Policy = B
2016-11-06 18:57:34,152 - Proj04.valueIteration - INFO - delta = 0.7200000000000001
2016-11-06 18:57:34,152 - Proj04.valueIteration - INFO - State 5: Utility = 0.4 Policy = G
2016-11-06 18:57:34,152 - Proj04.valueIteration - INFO - delta = 0.7200000000000001
2016-11-06 18:57:34,152 - Proj04.valueIteration - INFO - State 6: Utility = -0.05450000000000001 Policy = B
2016-11-06 18:57:34,153 - Proj04.valueIteration - INFO - delta = 0.7200000000000001
2016-11-06 18:57:34,153 - Proj04.valueIteration - INFO - State 7: Utility = -0.059000000000000004 Policy = S
2016-11-06 18:57:34,153 - Proj04.valueIteration - INFO - delta = 0.7200000000000001
2016-11-06 18:57:34,153 - Proj04.valueIteration - INFO - State 8: Utility = 0.58 Policy = S
2016-11-06 18:57:34,153 - Proj04.valueIteration - INFO - delta = 0.7200000000000001
2016-11-06 18:57:34,153 - Proj04.valueIteration - INFO - State 9: Utility = 1.0 Policy = None
2016-11-06 18:57:34,154 - Proj04.valueIteration - INFO - delta = 0.7200000000000001
2016-11-06 18:57:34,154 - Proj04.valueIteration - INFO - State 10: Utility = 1.0 Policy = None
2016-11-06 18:57:34,154 - Proj04.valueIteration - INFO - delta = 0.7200000000000001
2016-11-06 18:57:34,154 - Proj04.valueIteration - INFO - Value Iteration, loop 3
2016-11-06 18:57:34,154 - Proj04.valueIteration - INFO - State 1: Utility = -1.0 Policy = None
2016-11-06 18:57:34,154 - Proj04.valueIteration - INFO - delta = 0
2016-11-06 18:57:34,155 - Proj04.valueIteration - INFO - State 2: Utility = 0.67 Policy = S
2016-11-06 18:57:34,155 - Proj04.valueIteration - INFO - delta = 0
2016-11-06 18:57:34,155 - Proj04.valueIteration - INFO - State 3: Utility = -1.0 Policy = None
2016-11-06 18:57:34,155 - Proj04.valueIteration - INFO - delta = 0
2016-11-06 18:57:34,155 - Proj04.valueIteration - INFO - State 4: Utility = 0.3154 Policy = G
2016-11-06 18:57:34,155 - Proj04.valueIteration - INFO - delta = 0.3699
2016-11-06 18:57:34,156 - Proj04.valueIteration - INFO - State 5: Utility = 0.4 Policy = G
2016-11-06 18:57:34,156 - Proj04.valueIteration - INFO - delta = 0.3699
2016-11-06 18:57:34,156 - Proj04.valueIteration - INFO - State 6: Utility = 0.2380000000000001 Policy = S
2016-11-06 18:57:34,156 - Proj04.valueIteration - INFO - delta = 0.3699
2016-11-06 18:57:34,156 - Proj04.valueIteration - INFO - State 7: Utility = 0.25150000000000006 Policy = S
2016-11-06 18:57:34,156 - Proj04.valueIteration - INFO - delta = 0.3699
2016-11-06 18:57:34,157 - Proj04.valueIteration - INFO - State 8: Utility = 0.58 Policy = S
2016-11-06 18:57:34,157 - Proj04.valueIteration - INFO - delta = 0.3699
2016-11-06 18:57:34,157 - Proj04.valueIteration - INFO - State 9: Utility = 1.0 Policy = None
2016-11-06 18:57:34,157 - Proj04.valueIteration - INFO - delta = 0.3699
2016-11-06 18:57:34,157 - Proj04.valueIteration - INFO - State 10: Utility = 1.0 Policy = None
2016-11-06 18:57:34,157 - Proj04.valueIteration - INFO - delta = 0.3699
2016-11-06 18:57:34,158 - Proj04.valueIteration - INFO - Value Iteration, loop 4
2016-11-06 18:57:34,158 - Proj04.valueIteration - INFO - State 1: Utility = -1.0 Policy = None
2016-11-06 18:57:34,158 - Proj04.valueIteration - INFO - delta = 0
2016-11-06 18:57:34,158 - Proj04.valueIteration - INFO - State 2: Utility = 0.67 Policy = S
2016-11-06 18:57:34,158 - Proj04.valueIteration - INFO - delta = 0
2016-11-06 18:57:34,158 - Proj04.valueIteration - INFO - State 3: Utility = -1.0 Policy = None
2016-11-06 18:57:34,159 - Proj04.valueIteration - INFO - delta = 0
2016-11-06 18:57:34,159 - Proj04.valueIteration - INFO - State 4: Utility = 0.3154 Policy = G
2016-11-06 18:57:34,159 - Proj04.valueIteration - INFO - delta = 0
2016-11-06 18:57:34,159 - Proj04.valueIteration - INFO - State 5: Utility = 0.4 Policy = G
2016-11-06 18:57:34,159 - Proj04.valueIteration - INFO - delta = 0
2016-11-06 18:57:34,159 - Proj04.valueIteration - INFO - State 6: Utility = 0.2380000000000001 Policy = S
2016-11-06 18:57:34,160 - Proj04.valueIteration - INFO - delta = 0
2016-11-06 18:57:34,160 - Proj04.valueIteration - INFO - State 7: Utility = 0.25150000000000006 Policy = S
2016-11-06 18:57:34,160 - Proj04.valueIteration - INFO - delta = 0
2016-11-06 18:57:34,160 - Proj04.valueIteration - INFO - State 8: Utility = 0.58 Policy = S
2016-11-06 18:57:34,160 - Proj04.valueIteration - INFO - delta = 0
2016-11-06 18:57:34,160 - Proj04.valueIteration - INFO - State 9: Utility = 1.0 Policy = None
2016-11-06 18:57:34,161 - Proj04.valueIteration - INFO - delta = 0
2016-11-06 18:57:34,161 - Proj04.valueIteration - INFO - State 10: Utility = 1.0 Policy = None
2016-11-06 18:57:34,161 - Proj04.valueIteration - INFO - delta = 0
2016-11-06 18:57:34,161 - Proj04.valueIteration - INFO - Break condition met at iteration 4. delta = 0
